[15:09:04.078][CONSTRUCT][CLIENT][INFO] Starting building internal Registries
[15:09:04.603][CONSTRUCT][CLIENT][INFO] The following mods have explicit CraftTweaker support:
'contenttweaker' at version '1.0.0.develop.36'
'crafttweaker' at version '7.1.2.515'
'createautomated' at version '1.16.5-1.4.1a'
'createtweaker' at version '1.0.0.26'
'jeitweaker' at version '1.1.0.49'
[15:09:04.970][CONSTRUCT][CLIENT][INFO] Completed building internal Registries
[15:09:05.621][LOAD_REGISTRIES][CLIENT][INFO] Started loading Scripts for Loader 'contenttweaker'!
[15:09:06.970][LOAD_REGISTRIES][CLIENT][INFO] Loading file: 'contenttweaker\createAutomation.zs' with priority: 10
[15:09:07.121][LOAD_REGISTRIES][CLIENT][INFO] Queueing Item 'contenttweaker:diamond_drill' for registration.
[15:09:07.122][LOAD_REGISTRIES][CLIENT][INFO] Finished loading Scripts!
[15:09:09.267][COMMON_SETUP][CLIENT][INFO] Started loading Scripts for Loader 'setupCommon'!
[15:09:09.447][COMMON_SETUP][CLIENT][INFO] Finished loading Scripts!
[15:10:16.636][DONE][CLIENT][INFO] Started loading Scripts for Loader 'crafttweaker'!
[15:10:16.681][DONE][CLIENT][INFO] Finished loading Scripts!
[15:10:16.682][DONE][CLIENT][INFO] This reload was made possible by Genryu and more! Become a patron at https://patreon.com/jaredlll08?s=crtmod
[15:10:17.944][DONE][CLIENT][INFO] Started loading Scripts for Loader 'crafttweaker'!
[15:10:17.982][DONE][CLIENT][INFO] Finished loading Scripts!
[15:10:17.983][DONE][CLIENT][INFO] This reload was made possible by Spencer Gilbert and more! Become a patron at https://patreon.com/jaredlll08?s=crtmod
[15:10:21.034][DONE][CLIENT][INFO] Started loading Scripts for Loader 'crafttweaker'!
[15:10:21.072][DONE][CLIENT][INFO] Finished loading Scripts!
[15:10:21.073][DONE][CLIENT][INFO] This reload was made possible by Pongo Sapiens and more! Become a patron at https://patreon.com/jaredlll08?s=crtmod
[15:10:22.216][DONE][CLIENT][INFO] Started loading Scripts for Loader 'crafttweaker'!
[15:10:22.248][DONE][CLIENT][INFO] Finished loading Scripts!
[15:10:22.248][DONE][CLIENT][INFO] This reload was made possible by AdaraChristine and more! Become a patron at https://patreon.com/jaredlll08?s=crtmod
[15:10:25.171][DONE][CLIENT][INFO] Started loading Scripts for Loader 'crafttweaker'!
[15:10:25.210][DONE][CLIENT][INFO] Finished loading Scripts!

